SF:lib/application/module/home/route/home_module_router.dart
DA:9,0
DA:12,0
DA:15,0
DA:16,0
DA:19,0
DA:20,0
LF:6
LH:0
end_of_record
SF:lib/application/module/list_items/ui/list_items_view.dart
DA:6,2
DA:8,1
DA:9,1
DA:18,1
DA:20,1
DA:21,1
DA:24,1
DA:25,1
DA:26,3
DA:27,2
DA:28,1
DA:33,1
DA:35,1
DA:37,1
DA:46,1
DA:47,1
DA:49,2
DA:60,1
DA:62,2
DA:63,1
DA:64,1
DA:65,4
DA:66,1
DA:67,2
DA:68,1
DA:69,1
DA:70,2
DA:71,3
LF:28
LH:28
end_of_record
SF:lib/application/module/home/ui/counter_result.dart
DA:8,0
DA:10,0
DA:12,0
DA:14,0
DA:15,0
DA:18,0
DA:19,0
DA:20,0
DA:21,0
DA:22,0
DA:24,0
LF:11
LH:0
end_of_record
SF:lib/application/module/home/ui/home.dart
DA:6,1
DA:10,0
DA:11,0
DA:18,0
DA:19,0
DA:20,0
DA:21,0
DA:22,0
DA:23,0
DA:29,0
DA:31,0
DA:32,0
DA:33,0
DA:35,0
DA:36,0
DA:38,0
DA:42,0
DA:43,0
DA:45,0
DA:50,0
DA:52,0
LF:21
LH:1
end_of_record
SF:lib/application/module/list_items/controller/list_item_controller.dart
DA:7,3
DA:11,1
DA:12,1
DA:13,2
DA:14,2
DA:15,1
DA:16,2
DA:17,1
DA:18,2
LF:9
LH:9
end_of_record
